0 info it worked if it ends with ok
1 verbose cli [ '/usr/local/bin/node',
1 verbose cli   '/usr/local/bin/npm',
1 verbose cli   'install',
1 verbose cli   '-g',
1 verbose cli   'http-server' ]
2 info using npm@2.14.4
3 info using node@v4.1.1
4 verbose install initial load of /usr/local/lib/package.json
5 verbose readDependencies loading dependencies from /usr/local/lib/package.json
6 silly cache add args [ 'http-server', null ]
7 verbose cache add spec http-server
8 silly cache add parsed spec Result {
8 silly cache add   raw: 'http-server',
8 silly cache add   scope: null,
8 silly cache add   name: 'http-server',
8 silly cache add   rawSpec: '',
8 silly cache add   spec: '*',
8 silly cache add   type: 'range' }
9 silly addNamed http-server@*
10 verbose addNamed "*" is a valid semver range for http-server
11 silly addNameRange { name: 'http-server', range: '*', hasData: false }
12 silly mapToRegistry name http-server
13 silly mapToRegistry using default registry
14 silly mapToRegistry registry https://registry.npmjs.org/
15 silly mapToRegistry uri https://registry.npmjs.org/http-server
16 verbose addNameRange registry:https://registry.npmjs.org/http-server not in flight; fetching
17 verbose request uri https://registry.npmjs.org/http-server
18 verbose request no auth needed
19 info attempt registry request try #1 at 2:58:02 PM
20 verbose request id c9bd64cccba676fa
21 http request GET https://registry.npmjs.org/http-server
22 http 200 https://registry.npmjs.org/http-server
23 silly get cb [ 200,
23 silly get   { server: 'CouchDB/1.5.0 (Erlang OTP/R16B03)',
23 silly get     etag: '"3MMPAJMVHAKUC57MGXK9QXMLL"',
23 silly get     'content-type': 'application/json',
23 silly get     'content-encoding': 'gzip',
23 silly get     'cache-control': 'max-age=300',
23 silly get     'content-length': '8877',
23 silly get     'accept-ranges': 'bytes',
23 silly get     date: 'Thu, 25 Aug 2016 18:58:01 GMT',
23 silly get     via: '1.1 varnish',
23 silly get     age: '295',
23 silly get     connection: 'keep-alive',
23 silly get     'x-served-by': 'cache-jfk8122-JFK',
23 silly get     'x-cache': 'HIT',
23 silly get     'x-cache-hits': '1',
23 silly get     'x-timer': 'S1472151481.924940,VS0,VE0',
23 silly get     vary: 'Accept-Encoding' } ]
24 verbose get saving http-server to /Users/Rick/.npm/registry.npmjs.org/http-server/.cache.json
25 silly addNameRange number 2 { name: 'http-server', range: '*', hasData: true }
26 silly addNameRange versions [ 'http-server',
26 silly addNameRange   [ '0.1.0',
26 silly addNameRange     '0.1.1',
26 silly addNameRange     '0.1.3',
26 silly addNameRange     '0.2.1',
26 silly addNameRange     '0.2.2',
26 silly addNameRange     '0.2.3',
26 silly addNameRange     '0.2.4',
26 silly addNameRange     '0.2.5',
26 silly addNameRange     '0.2.6',
26 silly addNameRange     '0.2.9',
26 silly addNameRange     '0.3.0',
26 silly addNameRange     '0.4.0',
26 silly addNameRange     '0.4.1',
26 silly addNameRange     '0.5.0',
26 silly addNameRange     '0.5.1',
26 silly addNameRange     '0.5.2',
26 silly addNameRange     '0.5.3',
26 silly addNameRange     '0.5.5',
26 silly addNameRange     '0.6.0',
26 silly addNameRange     '0.6.1',
26 silly addNameRange     '0.7.0',
26 silly addNameRange     '0.7.1',
26 silly addNameRange     '0.7.2',
26 silly addNameRange     '0.7.3',
26 silly addNameRange     '0.7.4',
26 silly addNameRange     '0.7.5',
26 silly addNameRange     '0.8.0',
26 silly addNameRange     '0.8.1',
26 silly addNameRange     '0.8.2',
26 silly addNameRange     '0.8.3',
26 silly addNameRange     '0.8.4',
26 silly addNameRange     '0.8.5',
26 silly addNameRange     '0.9.0' ] ]
27 silly addNamed http-server@0.9.0
28 verbose addNamed "0.9.0" is a plain semver version for http-server
29 silly mapToRegistry name http-server
30 silly mapToRegistry using default registry
31 silly mapToRegistry registry https://registry.npmjs.org/
32 silly mapToRegistry uri https://registry.npmjs.org/http-server
33 verbose addRemoteTarball https://registry.npmjs.org/http-server/-/http-server-0.9.0.tgz not in flight; adding
34 verbose addRemoteTarball [ 'https://registry.npmjs.org/http-server/-/http-server-0.9.0.tgz',
34 verbose addRemoteTarball   '8f1b06bdc733618d4dc42831c7ba1aff4e06001a' ]
35 info retry fetch attempt 1 at 2:58:03 PM
36 info attempt registry request try #1 at 2:58:03 PM
37 http fetch GET https://registry.npmjs.org/http-server/-/http-server-0.9.0.tgz
38 http fetch 200 https://registry.npmjs.org/http-server/-/http-server-0.9.0.tgz
39 silly fetchAndShaCheck shasum 8f1b06bdc733618d4dc42831c7ba1aff4e06001a
40 verbose addTmpTarball /var/folders/8q/v07zlrjx2qj5gvm5_vr79dkw0000gn/T/npm-42112-f867329f/registry.npmjs.org/http-server/-/http-server-0.9.0.tgz not in flight; adding
41 verbose addTmpTarball already have metadata; skipping unpack for http-server@0.9.0
42 silly cache afterAdd http-server@0.9.0
43 verbose afterAdd /Users/Rick/.npm/http-server/0.9.0/package/package.json not in flight; writing
44 verbose afterAdd /Users/Rick/.npm/http-server/0.9.0/package/package.json written
45 silly install resolved [ { name: 'http-server',
45 silly install resolved     version: '0.9.0',
45 silly install resolved     description: 'A simple zero-configuration command-line http server',
45 silly install resolved     main: './lib/http-server',
45 silly install resolved     repository:
45 silly install resolved      { type: 'git',
45 silly install resolved        url: 'git://github.com/indexzero/http-server.git' },
45 silly install resolved     keywords: [ 'cli', 'command' ],
45 silly install resolved     scripts:
45 silly install resolved      { start: 'node ./bin/http-server',
45 silly install resolved        pretest: 'common bin/http-server lib/ test',
45 silly install resolved        test: 'vows --spec --isolate' },
45 silly install resolved     contributors:
45 silly install resolved      [ [Object],
45 silly install resolved        [Object],
45 silly install resolved        [Object],
45 silly install resolved        [Object],
45 silly install resolved        [Object],
45 silly install resolved        [Object],
45 silly install resolved        [Object],
45 silly install resolved        [Object],
45 silly install resolved        [Object],
45 silly install resolved        [Object] ],
45 silly install resolved     dependencies:
45 silly install resolved      { colors: '1.0.3',
45 silly install resolved        corser: '~2.0.0',
45 silly install resolved        ecstatic: '^1.4.0',
45 silly install resolved        'http-proxy': '^1.8.1',
45 silly install resolved        opener: '~1.4.0',
45 silly install resolved        optimist: '0.6.x',
45 silly install resolved        portfinder: '0.4.x',
45 silly install resolved        union: '~0.4.3' },
45 silly install resolved     devDependencies: { 'common-style': '^3.0.0', request: '2.49.x', vows: '0.7.x' },
45 silly install resolved     bugs: { url: 'https://github.com/nodeapps/http-server/issues' },
45 silly install resolved     license: 'MIT',
45 silly install resolved     preferGlobal: 'true',
45 silly install resolved     bin: { 'http-server': './bin/http-server', hs: './bin/http-server' },
45 silly install resolved     gitHead: '1a8552c5e028bd5500027ee940111133927a4e94',
45 silly install resolved     homepage: 'https://github.com/indexzero/http-server#readme',
45 silly install resolved     _id: 'http-server@0.9.0',
45 silly install resolved     _shasum: '8f1b06bdc733618d4dc42831c7ba1aff4e06001a',
45 silly install resolved     _from: 'http-server@*',
45 silly install resolved     _npmVersion: '3.7.1',
45 silly install resolved     _nodeVersion: '4.2.2',
45 silly install resolved     _npmUser: { name: 'indexzero', email: 'charlie.robbins@gmail.com' },
45 silly install resolved     maintainers: [ [Object] ],
45 silly install resolved     dist:
45 silly install resolved      { shasum: '8f1b06bdc733618d4dc42831c7ba1aff4e06001a',
45 silly install resolved        tarball: 'https://registry.npmjs.org/http-server/-/http-server-0.9.0.tgz' },
45 silly install resolved     _npmOperationalInternal:
45 silly install resolved      { host: 'packages-6-west.internal.npmjs.com',
45 silly install resolved        tmp: 'tmp/http-server-0.9.0.tgz_1455864708425_0.19514421350322664' },
45 silly install resolved     directories: {},
45 silly install resolved     _resolved: 'https://registry.npmjs.org/http-server/-/http-server-0.9.0.tgz' } ]
46 info install http-server@0.9.0 into /usr/local/lib
47 info installOne http-server@0.9.0
48 verbose installOne of http-server to /usr/local/lib not in flight; installing
49 verbose lock using /Users/Rick/.npm/_locks/http-server-ae30c9ae1f4c5eaa.lock for /usr/local/lib/node_modules/http-server
50 silly install write writing http-server 0.9.0 to /usr/local/lib/node_modules/http-server
51 verbose unbuild lib/node_modules/http-server
52 silly gentlyRm /usr/local/lib/node_modules/http-server is being purged from base /usr/local
53 verbose gentlyRm don't care about contents; nuking /usr/local/lib/node_modules/http-server
54 verbose tar unpack /Users/Rick/.npm/http-server/0.9.0/package.tgz
55 verbose tar unpacking to /usr/local/lib/node_modules/http-server
56 silly gentlyRm /usr/local/lib/node_modules/http-server is being purged
57 verbose gentlyRm don't care about contents; nuking /usr/local/lib/node_modules/http-server
58 silly gunzTarPerm modes [ '755', '644' ]
59 error tar.unpack untar error /Users/Rick/.npm/http-server/0.9.0/package.tgz
60 verbose unlock done using /Users/Rick/.npm/_locks/http-server-ae30c9ae1f4c5eaa.lock for /usr/local/lib/node_modules/http-server
61 verbose fstream_path /usr/local/lib/node_modules/http-server
62 verbose fstream_type Directory
63 verbose fstream_class DirWriter
64 verbose stack Error: EACCES: permission denied, mkdir '/usr/local/lib/node_modules/http-server'
64 verbose stack     at Error (native)
65 verbose fstream_stack /usr/local/lib/node_modules/npm/node_modules/fstream/lib/dir-writer.js:35:25
65 verbose fstream_stack /usr/local/lib/node_modules/npm/node_modules/mkdirp/index.js:47:53
65 verbose fstream_stack FSReqWrap.oncomplete (fs.js:82:15)
66 verbose cwd /Users/Rick/Desktop/Project/src
67 error Darwin 14.0.0
68 error argv "/usr/local/bin/node" "/usr/local/bin/npm" "install" "-g" "http-server"
69 error node v4.1.1
70 error npm  v2.14.4
71 error path /usr/local/lib/node_modules/http-server
72 error code EACCES
73 error errno -13
74 error syscall mkdir
75 error Error: EACCES: permission denied, mkdir '/usr/local/lib/node_modules/http-server'
75 error     at Error (native)
75 error  { [Error: EACCES: permission denied, mkdir '/usr/local/lib/node_modules/http-server']
75 error   errno: -13,
75 error   code: 'EACCES',
75 error   syscall: 'mkdir',
75 error   path: '/usr/local/lib/node_modules/http-server',
75 error   fstream_type: 'Directory',
75 error   fstream_path: '/usr/local/lib/node_modules/http-server',
75 error   fstream_class: 'DirWriter',
75 error   fstream_stack:
75 error    [ '/usr/local/lib/node_modules/npm/node_modules/fstream/lib/dir-writer.js:35:25',
75 error      '/usr/local/lib/node_modules/npm/node_modules/mkdirp/index.js:47:53',
75 error      'FSReqWrap.oncomplete (fs.js:82:15)' ] }
76 error Please try running this command again as root/Administrator.
77 verbose exit [ -13, true ]
78 verbose unbuild lib/node_modules/http-server
79 silly gentlyRm /usr/local/lib/node_modules/http-server is being purged from base /usr/local
80 verbose gentlyRm don't care about contents; nuking /usr/local/lib/node_modules/http-server
